{"total": {"lines":{"total":183,"covered":112,"skipped":0,"pct":61.2},"statements":{"total":206,"covered":119,"skipped":0,"pct":57.76},"functions":{"total":76,"covered":29,"skipped":0,"pct":38.15},"branches":{"total":73,"covered":45,"skipped":0,"pct":61.64},"branchesTrue":{"total":0,"covered":0,"skipped":0,"pct":"Unknown"}}
,"/home/mzaghi/repos/prefect-prom-exporter/src/get-api-template.js": {"lines":{"total":10,"covered":10,"skipped":0,"pct":100},"functions":{"total":10,"covered":0,"skipped":0,"pct":0},"statements":{"total":20,"covered":10,"skipped":0,"pct":50},"branches":{"total":0,"covered":0,"skipped":0,"pct":100}}
,"/home/mzaghi/repos/prefect-prom-exporter/src/get-env.js": {"lines":{"total":9,"covered":9,"skipped":0,"pct":100},"functions":{"total":0,"covered":0,"skipped":0,"pct":100},"statements":{"total":9,"covered":9,"skipped":0,"pct":100},"branches":{"total":18,"covered":18,"skipped":0,"pct":100}}
,"/home/mzaghi/repos/prefect-prom-exporter/src/get-logger.js": {"lines":{"total":9,"covered":7,"skipped":0,"pct":77.77},"functions":{"total":2,"covered":0,"skipped":0,"pct":0},"statements":{"total":9,"covered":7,"skipped":0,"pct":77.77},"branches":{"total":4,"covered":3,"skipped":0,"pct":75}}
,"/home/mzaghi/repos/prefect-prom-exporter/src/get-request.js": {"lines":{"total":20,"covered":5,"skipped":0,"pct":25},"functions":{"total":3,"covered":1,"skipped":0,"pct":33.33},"statements":{"total":20,"covered":5,"skipped":0,"pct":25},"branches":{"total":6,"covered":0,"skipped":0,"pct":0}}
,"/home/mzaghi/repos/prefect-prom-exporter/src/prefect-concurrency-limits.js": {"lines":{"total":0,"covered":0,"skipped":0,"pct":100},"functions":{"total":0,"covered":0,"skipped":0,"pct":100},"statements":{"total":0,"covered":0,"skipped":0,"pct":100},"branches":{"total":0,"covered":0,"skipped":0,"pct":100}}
,"/home/mzaghi/repos/prefect-prom-exporter/src/prefect-deployments.js": {"lines":{"total":6,"covered":0,"skipped":0,"pct":0},"functions":{"total":3,"covered":0,"skipped":0,"pct":0},"statements":{"total":6,"covered":0,"skipped":0,"pct":0},"branches":{"total":6,"covered":0,"skipped":0,"pct":0}}
,"/home/mzaghi/repos/prefect-prom-exporter/src/prefect-flow-runs.js": {"lines":{"total":61,"covered":39,"skipped":0,"pct":63.93},"functions":{"total":31,"covered":13,"skipped":0,"pct":41.93},"statements":{"total":69,"covered":42,"skipped":0,"pct":60.86},"branches":{"total":10,"covered":4,"skipped":0,"pct":40}}
,"/home/mzaghi/repos/prefect-prom-exporter/src/prefect-logs.js": {"lines":{"total":7,"covered":0,"skipped":0,"pct":0},"functions":{"total":3,"covered":0,"skipped":0,"pct":0},"statements":{"total":7,"covered":0,"skipped":0,"pct":0},"branches":{"total":2,"covered":0,"skipped":0,"pct":0}}
,"/home/mzaghi/repos/prefect-prom-exporter/src/prefect-root.js": {"lines":{"total":9,"covered":0,"skipped":0,"pct":0},"functions":{"total":3,"covered":0,"skipped":0,"pct":0},"statements":{"total":9,"covered":0,"skipped":0,"pct":0},"branches":{"total":2,"covered":0,"skipped":0,"pct":0}}
,"/home/mzaghi/repos/prefect-prom-exporter/src/prefect-task-runs.js": {"lines":{"total":0,"covered":0,"skipped":0,"pct":100},"functions":{"total":0,"covered":0,"skipped":0,"pct":100},"statements":{"total":0,"covered":0,"skipped":0,"pct":100},"branches":{"total":0,"covered":0,"skipped":0,"pct":100}}
,"/home/mzaghi/repos/prefect-prom-exporter/src/state.js": {"lines":{"total":52,"covered":42,"skipped":0,"pct":80.76},"functions":{"total":21,"covered":15,"skipped":0,"pct":71.42},"statements":{"total":57,"covered":46,"skipped":0,"pct":80.7},"branches":{"total":25,"covered":20,"skipped":0,"pct":80}}
}
